  BonillaMartinezGUadalupeWendy_Proyecto_Gpo4.cpp
C:\Users\wendy\source\repos\ProyectoFinal\ProyectoFinal\BonillaMartinezGUadalupeWendy_Proyecto_Gpo4.cpp(492,24): warning C4244: 'inicializando': conversión de 'double' a 'GLfloat'; posible pérdida de datos
C:\Users\wendy\source\repos\ProyectoFinal\ProyectoFinal\BonillaMartinezGUadalupeWendy_Proyecto_Gpo4.cpp(796,15): warning C4305: '+=': truncamiento de 'double' a 'float'
C:\Users\wendy\source\repos\ProyectoFinal\ProyectoFinal\BonillaMartinezGUadalupeWendy_Proyecto_Gpo4.cpp(803,15): warning C4305: '-=': truncamiento de 'double' a 'float'
C:\Users\wendy\source\repos\ProyectoFinal\ProyectoFinal\BonillaMartinezGUadalupeWendy_Proyecto_Gpo4.cpp(809,15): warning C4305: '+=': truncamiento de 'double' a 'float'
C:\Users\wendy\source\repos\ProyectoFinal\ProyectoFinal\BonillaMartinezGUadalupeWendy_Proyecto_Gpo4.cpp(815,15): warning C4305: '-=': truncamiento de 'double' a 'float'
C:\Users\wendy\source\repos\ProyectoFinal\ProyectoFinal\BonillaMartinezGUadalupeWendy_Proyecto_Gpo4.cpp(965,11): warning C4244: '=': conversión de 'double' a 'GLfloat'; posible pérdida de datos
C:\Users\wendy\source\repos\ProyectoFinal\ProyectoFinal\BonillaMartinezGUadalupeWendy_Proyecto_Gpo4.cpp(966,11): warning C4244: '=': conversión de 'double' a 'GLfloat'; posible pérdida de datos
C:\Users\wendy\source\repos\ProyectoFinal\ProyectoFinal\BonillaMartinezGUadalupeWendy_Proyecto_Gpo4.cpp(970,18): warning C4244: 'inicializando': conversión de 'double' a 'GLfloat'; posible pérdida de datos
C:\Users\wendy\source\repos\ProyectoFinal\ProyectoFinal\BonillaMartinezGUadalupeWendy_Proyecto_Gpo4.cpp(971,18): warning C4244: 'inicializando': conversión de 'double' a 'GLfloat'; posible pérdida de datos
C:\Users\wendy\source\repos\ProyectoFinal\ProyectoFinal\BonillaMartinezGUadalupeWendy_Proyecto_Gpo4.cpp(973,10): warning C4244: '=': conversión de 'double' a 'GLfloat'; posible pérdida de datos
C:\Users\wendy\source\repos\ProyectoFinal\ProyectoFinal\BonillaMartinezGUadalupeWendy_Proyecto_Gpo4.cpp(974,10): warning C4244: '=': conversión de 'double' a 'GLfloat'; posible pérdida de datos
soil2-debug.lib(SOIL2.obj) : warning LNK4075: se omite '/EDITANDCONTINUE' debido a la especificación '/OPT:ICF'
LINK : warning LNK4098: la biblioteca predeterminada'MSVCRTD' entra en conflicto con otras bibliotecas; use la biblioteca /NODEFAULTLIB:biblioteca
  Generando código
  630 of 644 functions (97.8%) were compiled, the rest were copied from previous compilation.
    7 functions were new in current compilation
    2 functions had inline decision re-evaluated but remain unchanged
  Generación de código finalizada
soil2-debug.lib(etc1_utils.obj) : warning LNK4099: no se encontró PDB 'soil2-debug.pdb' con 'soil2-debug.lib(etc1_utils.obj)' o en 'C:\Users\wendy\source\repos\ProyectoFinal\Release\soil2-debug.pdb'; se vinculará el objeto sin tener en cuenta información de depuración
soil2-debug.lib(image_DXT.obj) : warning LNK4099: no se encontró PDB 'soil2-debug.pdb' con 'soil2-debug.lib(image_DXT.obj)' o en 'C:\Users\wendy\source\repos\ProyectoFinal\Release\soil2-debug.pdb'; se vinculará el objeto sin tener en cuenta información de depuración
soil2-debug.lib(image_helper.obj) : warning LNK4099: no se encontró PDB 'soil2-debug.pdb' con 'soil2-debug.lib(image_helper.obj)' o en 'C:\Users\wendy\source\repos\ProyectoFinal\Release\soil2-debug.pdb'; se vinculará el objeto sin tener en cuenta información de depuración
soil2-debug.lib(SOIL2.obj) : warning LNK4099: no se encontró PDB 'soil2-debug.pdb' con 'soil2-debug.lib(SOIL2.obj)' o en 'C:\Users\wendy\source\repos\ProyectoFinal\Release\soil2-debug.pdb'; se vinculará el objeto sin tener en cuenta información de depuración
  ProyectoFinal.vcxproj -> C:\Users\wendy\source\repos\ProyectoFinal\Release\ProyectoFinal.exe
